{"D:\\Folder 2\\4 year 1st sem\\SWE\\project\\Batch-Track-Backend\\DBConfig\\Config.js": {"path":"D:\\Folder 2\\4 year 1st sem\\SWE\\project\\Batch-Track-Backend\\DBConfig\\Config.js","statementMap":{"0":{"start":{"line":1,"column":22},"end":{"line":1,"column":42}},"1":{"start":{"line":3,"column":18},"end":{"line":6,"column":2}},"2":{"start":{"line":8,"column":0},"end":{"line":8,"column":27}}},"fnMap":{},"branchMap":{},"s":{"0":1,"1":1,"2":1},"f":{},"b":{},"_coverageSchema":"1a1c01bbd47fc00a2c39e90264f33305004495a9","hash":"519836291adf33cdb168fd71aa09eee6902007a2"}
,"D:\\Folder 2\\4 year 1st sem\\SWE\\project\\Batch-Track-Backend\\Model\\SemesterModel.js": {"path":"D:\\Folder 2\\4 year 1st sem\\SWE\\project\\Batch-Track-Backend\\Model\\SemesterModel.js","statementMap":{"0":{"start":{"line":1,"column":18},"end":{"line":1,"column":47}},"1":{"start":{"line":2,"column":22},"end":{"line":2,"column":42}},"2":{"start":{"line":4,"column":22},"end":{"line":28,"column":2}},"3":{"start":{"line":30,"column":0},"end":{"line":30,"column":31}}},"fnMap":{},"branchMap":{},"s":{"0":1,"1":1,"2":1,"3":1},"f":{},"b":{},"_coverageSchema":"1a1c01bbd47fc00a2c39e90264f33305004495a9","hash":"014b7449aa54749a098342a79ef50465e2f9ea24"}
,"D:\\Folder 2\\4 year 1st sem\\SWE\\project\\Batch-Track-Backend\\View\\SemesterView.js": {"path":"D:\\Folder 2\\4 year 1st sem\\SWE\\project\\Batch-Track-Backend\\View\\SemesterView.js","statementMap":{"0":{"start":{"line":1,"column":22},"end":{"line":1,"column":55}},"1":{"start":{"line":2,"column":15},"end":{"line":2,"column":35}},"2":{"start":{"line":5,"column":20},"end":{"line":7,"column":1}},"3":{"start":{"line":6,"column":4},"end":{"line":6,"column":42}},"4":{"start":{"line":15,"column":23},"end":{"line":64,"column":1}},"5":{"start":{"line":16,"column":65},"end":{"line":16,"column":73}},"6":{"start":{"line":19,"column":4},"end":{"line":21,"column":5}},"7":{"start":{"line":20,"column":8},"end":{"line":20,"column":114}},"8":{"start":{"line":24,"column":4},"end":{"line":26,"column":5}},"9":{"start":{"line":25,"column":8},"end":{"line":25,"column":98}},"10":{"start":{"line":28,"column":4},"end":{"line":63,"column":5}},"11":{"start":{"line":30,"column":33},"end":{"line":32,"column":10}},"12":{"start":{"line":34,"column":8},"end":{"line":36,"column":9}},"13":{"start":{"line":35,"column":12},"end":{"line":35,"column":96}},"14":{"start":{"line":39,"column":36},"end":{"line":44,"column":10}},"15":{"start":{"line":46,"column":8},"end":{"line":48,"column":9}},"16":{"start":{"line":47,"column":12},"end":{"line":47,"column":106}},"17":{"start":{"line":51,"column":28},"end":{"line":56,"column":10}},"18":{"start":{"line":58,"column":8},"end":{"line":58,"column":100}},"19":{"start":{"line":61,"column":8},"end":{"line":61,"column":27}},"20":{"start":{"line":62,"column":8},"end":{"line":62,"column":98}},"21":{"start":{"line":66,"column":0},"end":{"line":66,"column":36}}},"fnMap":{"0":{"name":"(anonymous_0)","decl":{"start":{"line":5,"column":20},"end":{"line":5,"column":21}},"loc":{"start":{"line":5,"column":36},"end":{"line":7,"column":1}},"line":5},"1":{"name":"(anonymous_1)","decl":{"start":{"line":15,"column":23},"end":{"line":15,"column":24}},"loc":{"start":{"line":15,"column":43},"end":{"line":64,"column":1}},"line":15}},"branchMap":{"0":{"loc":{"start":{"line":19,"column":4},"end":{"line":21,"column":5}},"type":"if","locations":[{"start":{"line":19,"column":4},"end":{"line":21,"column":5}},{"start":{},"end":{}}],"line":19},"1":{"loc":{"start":{"line":19,"column":8},"end":{"line":19,"column":47}},"type":"binary-expr","locations":[{"start":{"line":19,"column":8},"end":{"line":19,"column":21}},{"start":{"line":19,"column":25},"end":{"line":19,"column":35}},{"start":{"line":19,"column":39},"end":{"line":19,"column":47}}],"line":19},"2":{"loc":{"start":{"line":24,"column":4},"end":{"line":26,"column":5}},"type":"if","locations":[{"start":{"line":24,"column":4},"end":{"line":26,"column":5}},{"start":{},"end":{}}],"line":24},"3":{"loc":{"start":{"line":24,"column":8},"end":{"line":24,"column":56}},"type":"binary-expr","locations":[{"start":{"line":24,"column":8},"end":{"line":24,"column":31}},{"start":{"line":24,"column":35},"end":{"line":24,"column":56}}],"line":24},"4":{"loc":{"start":{"line":34,"column":8},"end":{"line":36,"column":9}},"type":"if","locations":[{"start":{"line":34,"column":8},"end":{"line":36,"column":9}},{"start":{},"end":{}}],"line":34},"5":{"loc":{"start":{"line":46,"column":8},"end":{"line":48,"column":9}},"type":"if","locations":[{"start":{"line":46,"column":8},"end":{"line":48,"column":9}},{"start":{},"end":{}}],"line":46}},"s":{"0":1,"1":1,"2":1,"3":7,"4":1,"5":5,"6":5,"7":1,"8":4,"9":1,"10":3,"11":3,"12":2,"13":1,"14":1,"15":1,"16":0,"17":1,"18":1,"19":1,"20":1,"21":1},"f":{"0":7,"1":5},"b":{"0":[1,4],"1":[5,4,4],"2":[1,3],"3":[4,3],"4":[1,1],"5":[0,1]},"_coverageSchema":"1a1c01bbd47fc00a2c39e90264f33305004495a9","hash":"edf7c1aaf69d4fe37ba861e5e64fb269df54e869"}
}
