{"D:\\SEKUL\\Batch-Track-Backend\\DBConfig\\Config.js": {"path":"D:\\SEKUL\\Batch-Track-Backend\\DBConfig\\Config.js","statementMap":{"0":{"start":{"line":1,"column":22},"end":{"line":1,"column":42}},"1":{"start":{"line":3,"column":18},"end":{"line":6,"column":2}},"2":{"start":{"line":8,"column":0},"end":{"line":8,"column":27}}},"fnMap":{},"branchMap":{},"s":{"0":1,"1":1,"2":1},"f":{},"b":{},"_coverageSchema":"1a1c01bbd47fc00a2c39e90264f33305004495a9","hash":"3b7da3a0fcb769381541592ae44b4097a67ee53c"}
,"D:\\SEKUL\\Batch-Track-Backend\\Model\\ValidateModel.js": {"path":"D:\\SEKUL\\Batch-Track-Backend\\Model\\ValidateModel.js","statementMap":{"0":{"start":{"line":1,"column":18},"end":{"line":1,"column":47}},"1":{"start":{"line":2,"column":20},"end":{"line":2,"column":40}},"2":{"start":{"line":4,"column":22},"end":{"line":10,"column":20}},"3":{"start":{"line":12,"column":0},"end":{"line":12,"column":31}}},"fnMap":{},"branchMap":{},"s":{"0":1,"1":1,"2":1,"3":1},"f":{},"b":{},"_coverageSchema":"1a1c01bbd47fc00a2c39e90264f33305004495a9","hash":"681032536c591cd77a9d0b607db9f541cb30b9a3"}
,"D:\\SEKUL\\Batch-Track-Backend\\View\\ValidateView.js": {"path":"D:\\SEKUL\\Batch-Track-Backend\\View\\ValidateView.js","statementMap":{"0":{"start":{"line":1,"column":22},"end":{"line":1,"column":55}},"1":{"start":{"line":2,"column":15},"end":{"line":2,"column":32}},"2":{"start":{"line":4,"column":24},"end":{"line":36,"column":1}},"3":{"start":{"line":5,"column":18},"end":{"line":5,"column":38}},"4":{"start":{"line":6,"column":4},"end":{"line":35,"column":5}},"5":{"start":{"line":7,"column":30},"end":{"line":7,"column":94}},"6":{"start":{"line":9,"column":8},"end":{"line":31,"column":9}},"7":{"start":{"line":10,"column":32},"end":{"line":15,"column":14}},"8":{"start":{"line":17,"column":23},"end":{"line":17,"column":37}},"9":{"start":{"line":18,"column":29},"end":{"line":18,"column":89}},"10":{"start":{"line":19,"column":30},"end":{"line":19,"column":85}},"11":{"start":{"line":21,"column":12},"end":{"line":26,"column":15}},"12":{"start":{"line":28,"column":12},"end":{"line":28,"column":93}},"13":{"start":{"line":30,"column":12},"end":{"line":30,"column":82}},"14":{"start":{"line":34,"column":8},"end":{"line":34,"column":73}},"15":{"start":{"line":38,"column":28},"end":{"line":46,"column":1}},"16":{"start":{"line":39,"column":4},"end":{"line":45,"column":5}},"17":{"start":{"line":40,"column":32},"end":{"line":40,"column":61}},"18":{"start":{"line":41,"column":8},"end":{"line":41,"column":89}},"19":{"start":{"line":43,"column":8},"end":{"line":43,"column":37}},"20":{"start":{"line":44,"column":8},"end":{"line":44,"column":73}},"21":{"start":{"line":48,"column":28},"end":{"line":67,"column":1}},"22":{"start":{"line":49,"column":18},"end":{"line":49,"column":38}},"23":{"start":{"line":51,"column":4},"end":{"line":53,"column":5}},"24":{"start":{"line":52,"column":8},"end":{"line":52,"column":77}},"25":{"start":{"line":55,"column":4},"end":{"line":66,"column":5}},"26":{"start":{"line":56,"column":31},"end":{"line":56,"column":95}},"27":{"start":{"line":58,"column":8},"end":{"line":60,"column":9}},"28":{"start":{"line":59,"column":12},"end":{"line":59,"column":105}},"29":{"start":{"line":62,"column":8},"end":{"line":62,"column":96}},"30":{"start":{"line":64,"column":8},"end":{"line":64,"column":91}},"31":{"start":{"line":65,"column":8},"end":{"line":65,"column":73}},"32":{"start":{"line":71,"column":0},"end":{"line":71,"column":75}}},"fnMap":{"0":{"name":"(anonymous_0)","decl":{"start":{"line":4,"column":24},"end":{"line":4,"column":25}},"loc":{"start":{"line":4,"column":44},"end":{"line":36,"column":1}},"line":4},"1":{"name":"(anonymous_1)","decl":{"start":{"line":38,"column":28},"end":{"line":38,"column":29}},"loc":{"start":{"line":38,"column":48},"end":{"line":46,"column":1}},"line":38},"2":{"name":"(anonymous_2)","decl":{"start":{"line":48,"column":28},"end":{"line":48,"column":29}},"loc":{"start":{"line":48,"column":48},"end":{"line":67,"column":1}},"line":48}},"branchMap":{"0":{"loc":{"start":{"line":9,"column":8},"end":{"line":31,"column":9}},"type":"if","locations":[{"start":{"line":9,"column":8},"end":{"line":31,"column":9}},{"start":{"line":29,"column":15},"end":{"line":31,"column":9}}],"line":9},"1":{"loc":{"start":{"line":51,"column":4},"end":{"line":53,"column":5}},"type":"if","locations":[{"start":{"line":51,"column":4},"end":{"line":53,"column":5}},{"start":{},"end":{}}],"line":51},"2":{"loc":{"start":{"line":58,"column":8},"end":{"line":60,"column":9}},"type":"if","locations":[{"start":{"line":58,"column":8},"end":{"line":60,"column":9}},{"start":{},"end":{}}],"line":58}},"s":{"0":1,"1":1,"2":1,"3":0,"4":0,"5":0,"6":0,"7":0,"8":0,"9":0,"10":0,"11":0,"12":0,"13":0,"14":0,"15":1,"16":2,"17":2,"18":1,"19":1,"20":1,"21":1,"22":0,"23":0,"24":0,"25":0,"26":0,"27":0,"28":0,"29":0,"30":0,"31":0,"32":1},"f":{"0":0,"1":2,"2":0},"b":{"0":[0,0],"1":[0,0],"2":[0,0]},"_coverageSchema":"1a1c01bbd47fc00a2c39e90264f33305004495a9","hash":"7109a67d0f63b7bab7efc0de6fab53cfb3270bb9"}
}
