TN:
SF:DBConfig\Config.js
FNF:0
FNH:0
DA:1,1
DA:3,1
DA:8,1
LF:3
LH:3
BRF:0
BRH:0
end_of_record
TN:
SF:Model\SemesterModel.js
FNF:0
FNH:0
DA:1,1
DA:2,1
DA:4,1
DA:30,1
LF:4
LH:4
BRF:0
BRH:0
end_of_record
TN:
SF:View\SemesterView.js
FN:5,(anonymous_0)
FN:15,(anonymous_1)
FNF:2
FNH:2
FNDA:7,(anonymous_0)
FNDA:5,(anonymous_1)
DA:1,1
DA:2,1
DA:5,1
DA:6,7
DA:15,1
DA:16,5
DA:19,5
DA:20,1
DA:24,4
DA:25,1
DA:28,3
DA:30,3
DA:34,2
DA:35,1
DA:39,1
DA:46,1
DA:47,0
DA:51,1
DA:58,1
DA:61,1
DA:62,1
DA:66,1
LF:22
LH:21
BRDA:19,0,0,1
BRDA:19,0,1,4
BRDA:19,1,0,5
BRDA:19,1,1,4
BRDA:19,1,2,4
BRDA:24,2,0,1
BRDA:24,2,1,3
BRDA:24,3,0,4
BRDA:24,3,1,3
BRDA:34,4,0,1
BRDA:34,4,1,1
BRDA:46,5,0,0
BRDA:46,5,1,1
BRF:13
BRH:12
end_of_record
